c:\users\alexm\documents\testclone\core\videostream\x64\debug\vc141.pdb
c:\users\alexm\documents\testclone\core\videostream\x64\debug\vc141.idb
c:\users\alexm\documents\testclone\core\videostream\x64\debug\teststream.obj
c:\users\alexm\documents\testclone\core\videostream\x64\debug\testdll.obj
c:\users\alexm\documents\testclone\core\videostream\x64\debug\main.obj
c:\users\alexm\documents\testclone\core\videostream\x64\debug\cameracv.obj
c:\users\alexm\documents\testclone\core\x64\debug\videostream.dll
c:\users\alexm\documents\testclone\core\x64\debug\videostream.ilk
c:\users\alexm\documents\testclone\core\x64\debug\videostream.pdb
c:\users\alexm\documents\testclone\core\x64\debug\videostream.lib
c:\users\alexm\documents\testclone\core\x64\debug\videostream.exp
c:\users\alexm\documents\testclone\core\videostream\x64\debug\videostream.tlog\cl.command.1.tlog
c:\users\alexm\documents\testclone\core\videostream\x64\debug\videostream.tlog\cl.read.1.tlog
c:\users\alexm\documents\testclone\core\videostream\x64\debug\videostream.tlog\cl.write.1.tlog
c:\users\alexm\documents\testclone\core\videostream\x64\debug\videostream.tlog\link.12096.delete.1.tlog
c:\users\alexm\documents\testclone\core\videostream\x64\debug\videostream.tlog\link.2916.delete.1.tlog
c:\users\alexm\documents\testclone\core\videostream\x64\debug\videostream.tlog\link.command.1.tlog
c:\users\alexm\documents\testclone\core\videostream\x64\debug\videostream.tlog\link.read.1.tlog
c:\users\alexm\documents\testclone\core\videostream\x64\debug\videostream.tlog\link.write.1.tlog
c:\users\alexm\documents\testclone\core\videostream\x64\debug\videostream.tlog\videostream.write.1u.tlog
